18 июл. 2022 - 10:36:25.207 - com.company.DowloadTiktokApplication -  INFO  - Starting DowloadTiktokApplication using Java 18 on DESKTOP-AVEJT3V with PID 9896 (C:\Users\Admin\Desktop\Java\dastur\dowloadTiktok\target\classes started by Admin in C:\Users\Admin\Desktop\Java\dastur\dowloadTiktok)
18 июл. 2022 - 10:36:25.214 - com.company.DowloadTiktokApplication -  DEBUG - Running with Spring Boot v2.7.1, Spring v5.3.21
18 июл. 2022 - 10:36:25.215 - com.company.DowloadTiktokApplication -  INFO  - No active profile set, falling back to 1 default profile: "default"
18 июл. 2022 - 10:36:25.627 - o.s.d.r.c.RepositoryConfigurationDelegate -  INFO  - Bootstrapping Spring Data JPA repositories in DEFAULT mode.
18 июл. 2022 - 10:36:25.688 - o.s.d.r.c.RepositoryConfigurationDelegate -  INFO  - Finished Spring Data repository scanning in 51 ms. Found 3 JPA repository interfaces.
18 июл. 2022 - 10:36:25.999 - o.h.jpa.internal.util.LogHelper -  INFO  - HHH000204: Processing PersistenceUnitInfo [name: default]
18 июл. 2022 - 10:36:26.040 - org.hibernate.Version -  INFO  - HHH000412: Hibernate ORM core version 5.6.9.Final
18 июл. 2022 - 10:36:26.173 - o.h.annotations.common.Version -  INFO  - HCANN000001: Hibernate Commons Annotations {5.1.2.Final}
18 июл. 2022 - 10:36:26.261 - com.zaxxer.hikari.HikariDataSource -  INFO  - HikariPool-1 - Starting...
18 июл. 2022 - 10:36:28.301 - com.zaxxer.hikari.HikariDataSource -  INFO  - HikariPool-1 - Start completed.
18 июл. 2022 - 10:36:28.319 - org.hibernate.dialect.Dialect -  INFO  - HHH000400: Using dialect: org.hibernate.dialect.PostgreSQL10Dialect
18 июл. 2022 - 10:36:28.685 - org.hibernate.id.UUIDHexGenerator -  WARN  - HHH000409: Using org.hibernate.id.UUIDHexGenerator which does not generate IETF RFC 4122 compliant UUID values; consider using org.hibernate.id.UUIDGenerator instead
18 июл. 2022 - 10:36:30.285 - o.h.e.t.j.p.i.JtaPlatformInitiator -  INFO  - HHH000490: Using JtaPlatform implementation: [org.hibernate.engine.transaction.jta.platform.internal.NoJtaPlatform]
18 июл. 2022 - 10:36:30.293 - o.s.o.j.LocalContainerEntityManagerFactoryBean -  INFO  - Initialized JPA EntityManagerFactory for persistence unit 'default'
18 июл. 2022 - 10:36:30.477 - o.s.aop.framework.CglibAopProxy -  INFO  - Unable to proxy interface-implementing method [public final org.telegram.telegrambots.bots.DefaultBotOptions org.telegram.telegrambots.bots.DefaultAbsSender.getOptions()] because it is marked as final: Consider using interface-based JDK proxies instead!
18 июл. 2022 - 10:36:31.612 - com.company.DowloadTiktokApplication -  INFO  - Started DowloadTiktokApplication in 6.797 seconds (JVM running for 7.57)
18 июл. 2022 - 10:36:32.437 - com.company.MyTelegramBot -  INFO  - update = Message(messageId=919, from=User(id=800310525, firstName=Кийикова 🌸༻ Гавхарой༺🌸, isBot=false, lastName=null, userName=null, languageCode=ru, canJoinGroups=null, canReadAllGroupMessages=null, supportInlineQueries=null, isPremium=null, addedToAttachmentMenu=null), date=1658115147, chat=Chat(id=800310525, type=private, title=null, firstName=Кийикова 🌸༻ Гавхарой༺🌸, lastName=null, userName=null, photo=null, description=null, inviteLink=null, pinnedMessage=null, stickerSetName=null, canSetStickerSet=null, permissions=null, slowModeDelay=null, bio=null, linkedChatId=null, location=null, messageAutoDeleteTime=null, hasPrivateForwards=null, HasProtectedContent=null, joinToSendMessages=null, joinByRequest=null), forwardFrom=null, forwardFromChat=null, forwardDate=null, text=https://www.instagram.com/tv/CgEXlAmoh27/?igshid=YmMyMTA2M2Y=, entities=[MessageEntity(type=url, offset=0, length=61, url=null, user=null, language=null, text=https://www.instagram.com/tv/CgEXlAmoh27/?igshid=YmMyMTA2M2Y=)], captionEntities=null, audio=null, document=null, photo=null, sticker=null, video=null, contact=null, location=null, venue=null, animation=null, pinnedMessage=null, newChatMembers=[], leftChatMember=null, newChatTitle=null, newChatPhoto=null, deleteChatPhoto=null, groupchatCreated=null, replyToMessage=null, voice=null, caption=null, superGroupCreated=null, channelChatCreated=null, migrateToChatId=null, migrateFromChatId=null, editDate=null, game=null, forwardFromMessageId=null, invoice=null, successfulPayment=null, videoNote=null, authorSignature=null, forwardSignature=null, mediaGroupId=null, connectedWebsite=null, passportData=null, forwardSenderName=null, poll=null, replyMarkup=null, dice=null, viaBot=null, senderChat=null, proximityAlertTriggered=null, messageAutoDeleteTimerChanged=null, isAutomaticForward=null, hasProtectedContent=null, webAppData=null, videoChatStarted=null, videoChatEnded=null, videoChatParticipantsInvited=null, videoChatScheduled=null)
18 июл. 2022 - 10:36:32.439 - com.company.MyTelegramBot -  INFO  - user = User(id=800310525, firstName=Кийикова 🌸༻ Гавхарой༺🌸, isBot=false, lastName=null, userName=null, languageCode=ru, canJoinGroups=null, canReadAllGroupMessages=null, supportInlineQueries=null, isPremium=null, addedToAttachmentMenu=null)
18 июл. 2022 - 10:36:32.439 - com.company.MyTelegramBot -  INFO  - message = Message(messageId=919, from=User(id=800310525, firstName=Кийикова 🌸༻ Гавхарой༺🌸, isBot=false, lastName=null, userName=null, languageCode=ru, canJoinGroups=null, canReadAllGroupMessages=null, supportInlineQueries=null, isPremium=null, addedToAttachmentMenu=null), date=1658115147, chat=Chat(id=800310525, type=private, title=null, firstName=Кийикова 🌸༻ Гавхарой༺🌸, lastName=null, userName=null, photo=null, description=null, inviteLink=null, pinnedMessage=null, stickerSetName=null, canSetStickerSet=null, permissions=null, slowModeDelay=null, bio=null, linkedChatId=null, location=null, messageAutoDeleteTime=null, hasPrivateForwards=null, HasProtectedContent=null, joinToSendMessages=null, joinByRequest=null), forwardFrom=null, forwardFromChat=null, forwardDate=null, text=https://www.instagram.com/tv/CgEXlAmoh27/?igshid=YmMyMTA2M2Y=, entities=[MessageEntity(type=url, offset=0, length=61, url=null, user=null, language=null, text=https://www.instagram.com/tv/CgEXlAmoh27/?igshid=YmMyMTA2M2Y=)], captionEntities=null, audio=null, document=null, photo=null, sticker=null, video=null, contact=null, location=null, venue=null, animation=null, pinnedMessage=null, newChatMembers=[], leftChatMember=null, newChatTitle=null, newChatPhoto=null, deleteChatPhoto=null, groupchatCreated=null, replyToMessage=null, voice=null, caption=null, superGroupCreated=null, channelChatCreated=null, migrateToChatId=null, migrateFromChatId=null, editDate=null, game=null, forwardFromMessageId=null, invoice=null, successfulPayment=null, videoNote=null, authorSignature=null, forwardSignature=null, mediaGroupId=null, connectedWebsite=null, passportData=null, forwardSenderName=null, poll=null, replyMarkup=null, dice=null, viaBot=null, senderChat=null, proximityAlertTriggered=null, messageAutoDeleteTimerChanged=null, isAutomaticForward=null, hasProtectedContent=null, webAppData=null, videoChatStarted=null, videoChatEnded=null, videoChatParticipantsInvited=null, videoChatScheduled=null)
18 июл. 2022 - 10:36:33.719 - com.company.service.VideoService -  INFO  - Call instagram Api url = https%3A%2F%2Fwww.instagram.com%2Ftv%2FCgEXlAmoh27%2F%3Figshid%3DYmMyMTA2M2Y%3D, origin url = https://www.instagram.com/tv/CgEXlAmoh27/?igshid=YmMyMTA2M2Y=
18 июл. 2022 - 10:38:19.939 - o.s.o.j.LocalContainerEntityManagerFactoryBean -  INFO  - Closing JPA EntityManagerFactory for persistence unit 'default'
18 июл. 2022 - 10:38:19.941 - com.zaxxer.hikari.HikariDataSource -  INFO  - HikariPool-1 - Shutdown initiated...
18 июл. 2022 - 10:38:37.832 - com.company.DowloadTiktokApplication -  INFO  - Starting DowloadTiktokApplication using Java 18 on DESKTOP-AVEJT3V with PID 1264 (C:\Users\Admin\Desktop\Java\dastur\dowloadTiktok\target\classes started by Admin in C:\Users\Admin\Desktop\Java\dastur\dowloadTiktok)
18 июл. 2022 - 10:38:37.834 - com.company.DowloadTiktokApplication -  DEBUG - Running with Spring Boot v2.7.1, Spring v5.3.21
18 июл. 2022 - 10:38:37.835 - com.company.DowloadTiktokApplication -  INFO  - No active profile set, falling back to 1 default profile: "default"
18 июл. 2022 - 10:38:38.247 - o.s.d.r.c.RepositoryConfigurationDelegate -  INFO  - Bootstrapping Spring Data JPA repositories in DEFAULT mode.
18 июл. 2022 - 10:38:38.304 - o.s.d.r.c.RepositoryConfigurationDelegate -  INFO  - Finished Spring Data repository scanning in 49 ms. Found 3 JPA repository interfaces.
18 июл. 2022 - 10:38:38.629 - o.h.jpa.internal.util.LogHelper -  INFO  - HHH000204: Processing PersistenceUnitInfo [name: default]
18 июл. 2022 - 10:38:38.662 - org.hibernate.Version -  INFO  - HHH000412: Hibernate ORM core version 5.6.9.Final
18 июл. 2022 - 10:38:38.774 - o.h.annotations.common.Version -  INFO  - HCANN000001: Hibernate Commons Annotations {5.1.2.Final}
18 июл. 2022 - 10:38:38.861 - com.zaxxer.hikari.HikariDataSource -  INFO  - HikariPool-1 - Starting...
18 июл. 2022 - 10:38:41.469 - com.zaxxer.hikari.HikariDataSource -  INFO  - HikariPool-1 - Start completed.
18 июл. 2022 - 10:38:41.484 - org.hibernate.dialect.Dialect -  INFO  - HHH000400: Using dialect: org.hibernate.dialect.PostgreSQL10Dialect
18 июл. 2022 - 10:38:41.920 - org.hibernate.id.UUIDHexGenerator -  WARN  - HHH000409: Using org.hibernate.id.UUIDHexGenerator which does not generate IETF RFC 4122 compliant UUID values; consider using org.hibernate.id.UUIDGenerator instead
18 июл. 2022 - 10:38:43.915 - o.h.e.t.j.p.i.JtaPlatformInitiator -  INFO  - HHH000490: Using JtaPlatform implementation: [org.hibernate.engine.transaction.jta.platform.internal.NoJtaPlatform]
18 июл. 2022 - 10:38:43.921 - o.s.o.j.LocalContainerEntityManagerFactoryBean -  INFO  - Initialized JPA EntityManagerFactory for persistence unit 'default'
18 июл. 2022 - 10:38:44.058 - o.s.aop.framework.CglibAopProxy -  INFO  - Unable to proxy interface-implementing method [public final org.telegram.telegrambots.bots.DefaultBotOptions org.telegram.telegrambots.bots.DefaultAbsSender.getOptions()] because it is marked as final: Consider using interface-based JDK proxies instead!
18 июл. 2022 - 10:38:45.176 - com.company.DowloadTiktokApplication -  INFO  - Started DowloadTiktokApplication in 7.815 seconds (JVM running for 8.67)
18 июл. 2022 - 10:38:50.674 - com.company.MyTelegramBot -  INFO  - update = Message(messageId=935, from=User(id=1748183791, firstName=SARVAR, isBot=false, lastName=て, userName=Sarvargo, languageCode=ru, canJoinGroups=null, canReadAllGroupMessages=null, supportInlineQueries=null, isPremium=null, addedToAttachmentMenu=null), date=1658122728, chat=Chat(id=1748183791, type=private, title=null, firstName=SARVAR, lastName=て, userName=Sarvargo, photo=null, description=null, inviteLink=null, pinnedMessage=null, stickerSetName=null, canSetStickerSet=null, permissions=null, slowModeDelay=null, bio=null, linkedChatId=null, location=null, messageAutoDeleteTime=null, hasPrivateForwards=null, HasProtectedContent=null, joinToSendMessages=null, joinByRequest=null), forwardFrom=null, forwardFromChat=null, forwardDate=null, text=/get, entities=[MessageEntity(type=bot_command, offset=0, length=4, url=null, user=null, language=null, text=/get)], captionEntities=null, audio=null, document=null, photo=null, sticker=null, video=null, contact=null, location=null, venue=null, animation=null, pinnedMessage=null, newChatMembers=[], leftChatMember=null, newChatTitle=null, newChatPhoto=null, deleteChatPhoto=null, groupchatCreated=null, replyToMessage=null, voice=null, caption=null, superGroupCreated=null, channelChatCreated=null, migrateToChatId=null, migrateFromChatId=null, editDate=null, game=null, forwardFromMessageId=null, invoice=null, successfulPayment=null, videoNote=null, authorSignature=null, forwardSignature=null, mediaGroupId=null, connectedWebsite=null, passportData=null, forwardSenderName=null, poll=null, replyMarkup=null, dice=null, viaBot=null, senderChat=null, proximityAlertTriggered=null, messageAutoDeleteTimerChanged=null, isAutomaticForward=null, hasProtectedContent=null, webAppData=null, videoChatStarted=null, videoChatEnded=null, videoChatParticipantsInvited=null, videoChatScheduled=null)
18 июл. 2022 - 10:38:50.676 - com.company.MyTelegramBot -  INFO  - user = User(id=1748183791, firstName=SARVAR, isBot=false, lastName=て, userName=Sarvargo, languageCode=ru, canJoinGroups=null, canReadAllGroupMessages=null, supportInlineQueries=null, isPremium=null, addedToAttachmentMenu=null)
18 июл. 2022 - 10:38:50.676 - com.company.MyTelegramBot -  INFO  - message = Message(messageId=935, from=User(id=1748183791, firstName=SARVAR, isBot=false, lastName=て, userName=Sarvargo, languageCode=ru, canJoinGroups=null, canReadAllGroupMessages=null, supportInlineQueries=null, isPremium=null, addedToAttachmentMenu=null), date=1658122728, chat=Chat(id=1748183791, type=private, title=null, firstName=SARVAR, lastName=て, userName=Sarvargo, photo=null, description=null, inviteLink=null, pinnedMessage=null, stickerSetName=null, canSetStickerSet=null, permissions=null, slowModeDelay=null, bio=null, linkedChatId=null, location=null, messageAutoDeleteTime=null, hasPrivateForwards=null, HasProtectedContent=null, joinToSendMessages=null, joinByRequest=null), forwardFrom=null, forwardFromChat=null, forwardDate=null, text=/get, entities=[MessageEntity(type=bot_command, offset=0, length=4, url=null, user=null, language=null, text=/get)], captionEntities=null, audio=null, document=null, photo=null, sticker=null, video=null, contact=null, location=null, venue=null, animation=null, pinnedMessage=null, newChatMembers=[], leftChatMember=null, newChatTitle=null, newChatPhoto=null, deleteChatPhoto=null, groupchatCreated=null, replyToMessage=null, voice=null, caption=null, superGroupCreated=null, channelChatCreated=null, migrateToChatId=null, migrateFromChatId=null, editDate=null, game=null, forwardFromMessageId=null, invoice=null, successfulPayment=null, videoNote=null, authorSignature=null, forwardSignature=null, mediaGroupId=null, connectedWebsite=null, passportData=null, forwardSenderName=null, poll=null, replyMarkup=null, dice=null, viaBot=null, senderChat=null, proximityAlertTriggered=null, messageAutoDeleteTimerChanged=null, isAutomaticForward=null, hasProtectedContent=null, webAppData=null, videoChatStarted=null, videoChatEnded=null, videoChatParticipantsInvited=null, videoChatScheduled=null)
18 июл. 2022 - 10:39:02.105 - com.company.MyTelegramBot -  INFO  - update = Message(messageId=937, from=User(id=1748183791, firstName=SARVAR, isBot=false, lastName=て, userName=Sarvargo, languageCode=ru, canJoinGroups=null, canReadAllGroupMessages=null, supportInlineQueries=null, isPremium=null, addedToAttachmentMenu=null), date=1658122740, chat=Chat(id=1748183791, type=private, title=null, firstName=SARVAR, lastName=て, userName=Sarvargo, photo=null, description=null, inviteLink=null, pinnedMessage=null, stickerSetName=null, canSetStickerSet=null, permissions=null, slowModeDelay=null, bio=null, linkedChatId=null, location=null, messageAutoDeleteTime=null, hasPrivateForwards=null, HasProtectedContent=null, joinToSendMessages=null, joinByRequest=null), forwardFrom=null, forwardFromChat=null, forwardDate=null, text=https://vt.tiktok.com/ZSR8jChND/?k=1, entities=[MessageEntity(type=url, offset=0, length=36, url=null, user=null, language=null, text=https://vt.tiktok.com/ZSR8jChND/?k=1)], captionEntities=null, audio=null, document=null, photo=null, sticker=null, video=null, contact=null, location=null, venue=null, animation=null, pinnedMessage=null, newChatMembers=[], leftChatMember=null, newChatTitle=null, newChatPhoto=null, deleteChatPhoto=null, groupchatCreated=null, replyToMessage=null, voice=null, caption=null, superGroupCreated=null, channelChatCreated=null, migrateToChatId=null, migrateFromChatId=null, editDate=null, game=null, forwardFromMessageId=null, invoice=null, successfulPayment=null, videoNote=null, authorSignature=null, forwardSignature=null, mediaGroupId=null, connectedWebsite=null, passportData=null, forwardSenderName=null, poll=null, replyMarkup=null, dice=null, viaBot=null, senderChat=null, proximityAlertTriggered=null, messageAutoDeleteTimerChanged=null, isAutomaticForward=null, hasProtectedContent=null, webAppData=null, videoChatStarted=null, videoChatEnded=null, videoChatParticipantsInvited=null, videoChatScheduled=null)
18 июл. 2022 - 10:39:02.106 - com.company.MyTelegramBot -  INFO  - user = User(id=1748183791, firstName=SARVAR, isBot=false, lastName=て, userName=Sarvargo, languageCode=ru, canJoinGroups=null, canReadAllGroupMessages=null, supportInlineQueries=null, isPremium=null, addedToAttachmentMenu=null)
18 июл. 2022 - 10:39:02.106 - com.company.MyTelegramBot -  INFO  - message = Message(messageId=937, from=User(id=1748183791, firstName=SARVAR, isBot=false, lastName=て, userName=Sarvargo, languageCode=ru, canJoinGroups=null, canReadAllGroupMessages=null, supportInlineQueries=null, isPremium=null, addedToAttachmentMenu=null), date=1658122740, chat=Chat(id=1748183791, type=private, title=null, firstName=SARVAR, lastName=て, userName=Sarvargo, photo=null, description=null, inviteLink=null, pinnedMessage=null, stickerSetName=null, canSetStickerSet=null, permissions=null, slowModeDelay=null, bio=null, linkedChatId=null, location=null, messageAutoDeleteTime=null, hasPrivateForwards=null, HasProtectedContent=null, joinToSendMessages=null, joinByRequest=null), forwardFrom=null, forwardFromChat=null, forwardDate=null, text=https://vt.tiktok.com/ZSR8jChND/?k=1, entities=[MessageEntity(type=url, offset=0, length=36, url=null, user=null, language=null, text=https://vt.tiktok.com/ZSR8jChND/?k=1)], captionEntities=null, audio=null, document=null, photo=null, sticker=null, video=null, contact=null, location=null, venue=null, animation=null, pinnedMessage=null, newChatMembers=[], leftChatMember=null, newChatTitle=null, newChatPhoto=null, deleteChatPhoto=null, groupchatCreated=null, replyToMessage=null, voice=null, caption=null, superGroupCreated=null, channelChatCreated=null, migrateToChatId=null, migrateFromChatId=null, editDate=null, game=null, forwardFromMessageId=null, invoice=null, successfulPayment=null, videoNote=null, authorSignature=null, forwardSignature=null, mediaGroupId=null, connectedWebsite=null, passportData=null, forwardSenderName=null, poll=null, replyMarkup=null, dice=null, viaBot=null, senderChat=null, proximityAlertTriggered=null, messageAutoDeleteTimerChanged=null, isAutomaticForward=null, hasProtectedContent=null, webAppData=null, videoChatStarted=null, videoChatEnded=null, videoChatParticipantsInvited=null, videoChatScheduled=null)
18 июл. 2022 - 10:39:04.236 - com.company.service.VideoService -  INFO  - Call tiktok Api url = https%3A%2F%2Fvt.tiktok.com%2FZSR8jChND%2F%3Fk%3D1, origin url = https://vt.tiktok.com/ZSR8jChND/?k=1
18 июл. 2022 - 10:39:43.919 - o.s.o.j.LocalContainerEntityManagerFactoryBean -  INFO  - Closing JPA EntityManagerFactory for persistence unit 'default'
18 июл. 2022 - 10:39:43.921 - com.zaxxer.hikari.HikariDataSource -  INFO  - HikariPool-1 - Shutdown initiated...
18 июл. 2022 - 10:40:06.190 - o.s.b.t.j.DuplicateJsonObjectContextCustomizerFactory$DuplicateJsonObjectContextCustomizer -  WARN  - 

Found multiple occurrences of org.json.JSONObject on the class path:

	jar:file:/C:/Users/Admin/.m2/repository/com/vaadin/external/google/android-json/0.0.20131108.vaadin1/android-json-0.0.20131108.vaadin1.jar!/org/json/JSONObject.class
	jar:file:/C:/Users/Admin/.m2/repository/org/json/json/20220320/json-20220320.jar!/org/json/JSONObject.class

You may wish to exclude one of them to ensure predictable runtime behavior

18 июл. 2022 - 10:40:06.202 - c.c.d.DowloadTiktokApplicationTests -  INFO  - Starting DowloadTiktokApplicationTests using Java 18 on DESKTOP-AVEJT3V with PID 12340 (started by Admin in C:\Users\Admin\Desktop\Java\dastur\dowloadTiktok)
18 июл. 2022 - 10:40:06.202 - c.c.d.DowloadTiktokApplicationTests -  DEBUG - Running with Spring Boot v2.7.1, Spring v5.3.21
18 июл. 2022 - 10:40:06.203 - c.c.d.DowloadTiktokApplicationTests -  INFO  - No active profile set, falling back to 1 default profile: "default"
18 июл. 2022 - 10:40:06.708 - o.s.d.r.c.RepositoryConfigurationDelegate -  INFO  - Bootstrapping Spring Data JPA repositories in DEFAULT mode.
18 июл. 2022 - 10:40:06.765 - o.s.d.r.c.RepositoryConfigurationDelegate -  INFO  - Finished Spring Data repository scanning in 50 ms. Found 3 JPA repository interfaces.
18 июл. 2022 - 10:40:07.775 - o.h.jpa.internal.util.LogHelper -  INFO  - HHH000204: Processing PersistenceUnitInfo [name: default]
18 июл. 2022 - 10:40:07.872 - org.hibernate.Version -  INFO  - HHH000412: Hibernate ORM core version 5.6.9.Final
18 июл. 2022 - 10:40:08.092 - o.h.annotations.common.Version -  INFO  - HCANN000001: Hibernate Commons Annotations {5.1.2.Final}
18 июл. 2022 - 10:40:08.265 - com.zaxxer.hikari.HikariDataSource -  INFO  - HikariPool-1 - Starting...
18 июл. 2022 - 10:40:11.190 - com.zaxxer.hikari.HikariDataSource -  INFO  - HikariPool-1 - Start completed.
18 июл. 2022 - 10:40:11.221 - org.hibernate.dialect.Dialect -  INFO  - HHH000400: Using dialect: org.hibernate.dialect.PostgreSQL10Dialect
18 июл. 2022 - 10:40:11.641 - org.hibernate.id.UUIDHexGenerator -  WARN  - HHH000409: Using org.hibernate.id.UUIDHexGenerator which does not generate IETF RFC 4122 compliant UUID values; consider using org.hibernate.id.UUIDGenerator instead
18 июл. 2022 - 10:40:13.650 - o.h.e.t.j.p.i.JtaPlatformInitiator -  INFO  - HHH000490: Using JtaPlatform implementation: [org.hibernate.engine.transaction.jta.platform.internal.NoJtaPlatform]
18 июл. 2022 - 10:40:13.659 - o.s.o.j.LocalContainerEntityManagerFactoryBean -  INFO  - Initialized JPA EntityManagerFactory for persistence unit 'default'
18 июл. 2022 - 10:40:13.995 - o.s.aop.framework.CglibAopProxy -  INFO  - Unable to proxy interface-implementing method [public final org.telegram.telegrambots.bots.DefaultBotOptions org.telegram.telegrambots.bots.DefaultAbsSender.getOptions()] because it is marked as final: Consider using interface-based JDK proxies instead!
18 июл. 2022 - 10:40:17.039 - c.c.d.DowloadTiktokApplicationTests -  INFO  - Started DowloadTiktokApplicationTests in 11.166 seconds (JVM running for 12.16)
18 июл. 2022 - 10:40:18.432 - o.s.o.j.LocalContainerEntityManagerFactoryBean -  INFO  - Closing JPA EntityManagerFactory for persistence unit 'default'
18 июл. 2022 - 10:40:18.435 - com.zaxxer.hikari.HikariDataSource -  INFO  - HikariPool-1 - Shutdown initiated...
18 июл. 2022 - 10:40:19.223 - com.zaxxer.hikari.HikariDataSource -  INFO  - HikariPool-1 - Shutdown completed.
18 июл. 2022 - 11:00:48.175 - o.s.b.t.j.DuplicateJsonObjectContextCustomizerFactory$DuplicateJsonObjectContextCustomizer -  WARN  - 

Found multiple occurrences of org.json.JSONObject on the class path:

	jar:file:/C:/Users/Admin/.m2/repository/com/vaadin/external/google/android-json/0.0.20131108.vaadin1/android-json-0.0.20131108.vaadin1.jar!/org/json/JSONObject.class
	jar:file:/C:/Users/Admin/.m2/repository/org/json/json/20220320/json-20220320.jar!/org/json/JSONObject.class

You may wish to exclude one of them to ensure predictable runtime behavior

18 июл. 2022 - 11:00:48.197 - c.c.d.DowloadTiktokApplicationTests -  INFO  - Starting DowloadTiktokApplicationTests using Java 18 on DESKTOP-AVEJT3V with PID 13996 (started by Admin in C:\Users\Admin\Desktop\Java\dastur\dowloadTiktok)
18 июл. 2022 - 11:00:48.199 - c.c.d.DowloadTiktokApplicationTests -  DEBUG - Running with Spring Boot v2.7.1, Spring v5.3.21
18 июл. 2022 - 11:00:48.200 - c.c.d.DowloadTiktokApplicationTests -  INFO  - No active profile set, falling back to 1 default profile: "default"
18 июл. 2022 - 11:00:48.776 - o.s.d.r.c.RepositoryConfigurationDelegate -  INFO  - Bootstrapping Spring Data JPA repositories in DEFAULT mode.
18 июл. 2022 - 11:00:48.848 - o.s.d.r.c.RepositoryConfigurationDelegate -  INFO  - Finished Spring Data repository scanning in 62 ms. Found 3 JPA repository interfaces.
18 июл. 2022 - 11:00:49.518 - o.h.jpa.internal.util.LogHelper -  INFO  - HHH000204: Processing PersistenceUnitInfo [name: default]
18 июл. 2022 - 11:00:49.604 - org.hibernate.Version -  INFO  - HHH000412: Hibernate ORM core version 5.6.9.Final
18 июл. 2022 - 11:00:49.835 - o.h.annotations.common.Version -  INFO  - HCANN000001: Hibernate Commons Annotations {5.1.2.Final}
18 июл. 2022 - 11:00:50.010 - com.zaxxer.hikari.HikariDataSource -  INFO  - HikariPool-1 - Starting...
18 июл. 2022 - 11:00:54.702 - com.zaxxer.hikari.HikariDataSource -  INFO  - HikariPool-1 - Start completed.
18 июл. 2022 - 11:00:54.747 - org.hibernate.dialect.Dialect -  INFO  - HHH000400: Using dialect: org.hibernate.dialect.PostgreSQL10Dialect
18 июл. 2022 - 11:00:58.555 - org.hibernate.id.UUIDHexGenerator -  WARN  - HHH000409: Using org.hibernate.id.UUIDHexGenerator which does not generate IETF RFC 4122 compliant UUID values; consider using org.hibernate.id.UUIDGenerator instead
18 июл. 2022 - 11:01:00.811 - o.h.e.t.j.p.i.JtaPlatformInitiator -  INFO  - HHH000490: Using JtaPlatform implementation: [org.hibernate.engine.transaction.jta.platform.internal.NoJtaPlatform]
18 июл. 2022 - 11:01:00.821 - o.s.o.j.LocalContainerEntityManagerFactoryBean -  INFO  - Initialized JPA EntityManagerFactory for persistence unit 'default'
18 июл. 2022 - 11:01:01.345 - o.s.aop.framework.CglibAopProxy -  INFO  - Unable to proxy interface-implementing method [public final org.telegram.telegrambots.bots.DefaultBotOptions org.telegram.telegrambots.bots.DefaultAbsSender.getOptions()] because it is marked as final: Consider using interface-based JDK proxies instead!
18 июл. 2022 - 11:01:07.335 - c.c.d.DowloadTiktokApplicationTests -  INFO  - Started DowloadTiktokApplicationTests in 19.561 seconds (JVM running for 20.615)
18 июл. 2022 - 11:01:07.592 - o.s.o.j.LocalContainerEntityManagerFactoryBean -  INFO  - Closing JPA EntityManagerFactory for persistence unit 'default'
18 июл. 2022 - 11:01:07.594 - com.zaxxer.hikari.HikariDataSource -  INFO  - HikariPool-1 - Shutdown initiated...
18 июл. 2022 - 11:01:08.396 - com.zaxxer.hikari.HikariDataSource -  INFO  - HikariPool-1 - Shutdown completed.
